{"meta": {"format": 3, "version": "7.13.5", "timestamp": "2026-03-21T13:40:06.739445", "branch_coverage": false, "show_contexts": false}, "files": {"src/__init__.py": {"executed_lines": [2], "summary": {"covered_lines": 1, "num_statements": 1, "percent_covered": 100.0, "percent_covered_display": "100", "missing_lines": 0, "excluded_lines": 0, "percent_statements_covered": 100.0, "percent_statements_covered_display": "100"}, "missing_lines": [], "excluded_lines": [], "functions": {"": {"executed_lines": [2], "summary": {"covered_lines": 1, "num_statements": 1, "percent_covered": 100.0, "percent_covered_display": "100", "missing_lines": 0, "excluded_lines": 0, "percent_statements_covered": 100.0, "percent_statements_covered_display": "100"}, "missing_lines": [], "excluded_lines": [], "start_line": 1}}, "classes": {"": {"executed_lines": [2], "summary": {"covered_lines": 1, "num_statements": 1, "percent_covered": 100.0, "percent_covered_display": "100", "missing_lines": 0, "excluded_lines": 0, "percent_statements_covered": 100.0, "percent_statements_covered_display": "100"}, "missing_lines": [], "excluded_lines": [], "start_line": 1}}}, "src/core/__init__.py": {"executed_lines": [2, 4], "summary": {"covered_lines": 2, "num_statements": 2, "percent_covered": 100.0, "percent_covered_display": "100", "missing_lines": 0, "excluded_lines": 0, "percent_statements_covered": 100.0, "percent_statements_covered_display": "100"}, "missing_lines": [], "excluded_lines": [], "functions": {"": {"executed_lines": [2, 4], "summary": {"covered_lines": 2, "num_statements": 2, "percent_covered": 100.0, "percent_covered_display": "100", "missing_lines": 0, "excluded_lines": 0, "percent_statements_covered": 100.0, "percent_statements_covered_display": "100"}, "missing_lines": [], "excluded_lines": [], "start_line": 1}}, "classes": {"": {"executed_lines": [2, 4], "summary": {"covered_lines": 2, "num_statements": 2, "percent_covered": 100.0, "percent_covered_display": "100", "missing_lines": 0, "excluded_lines": 0, "percent_statements_covered": 100.0, "percent_statements_covered_display": "100"}, "missing_lines": [], "excluded_lines": [], "start_line": 1}}}, "src/core/health.py": {"executed_lines": [7, 8, 9, 10, 13, 22, 82, 84, 87, 90, 95, 96, 97, 98, 99, 102, 107, 108, 109, 110, 111, 114, 119, 120, 121, 122, 125, 126, 127, 131, 134, 135, 139, 140, 143, 147, 149, 152, 154, 165, 169, 172, 177, 178, 179, 181, 184, 185, 189, 195, 206, 210, 213, 218, 219, 220, 221, 223, 224, 225, 226, 227, 229, 237, 238, 239, 241, 243, 244, 246, 247, 248, 249, 255, 262, 263, 264, 266, 269, 275, 277, 284, 289, 290, 291, 292, 293, 294, 299, 302, 309], "summary": {"covered_lines": 91, "num_statements": 119, "percent_covered": 76.47058823529412, "percent_covered_display": "76", "missing_lines": 28, "excluded_lines": 0, "percent_statements_covered": 76.47058823529412, "percent_statements_covered_display": "76"}, "missing_lines": [85, 86, 128, 129, 136, 141, 144, 148, 150, 166, 167, 186, 190, 191, 192, 193, 207, 208, 250, 251, 252, 253, 304, 305, 306, 311, 312, 313], "excluded_lines": [], "functions": {"load_thresholds": {"executed_lines": [84, 87], "summary": {"covered_lines": 2, "num_statements": 4, "percent_covered": 50.0, "percent_covered_display": "50", "missing_lines": 2, "excluded_lines": 0, "percent_statements_covered": 50.0, "percent_statements_covered_display": "50"}, "missing_lines": [85, 86], "excluded_lines": [], "start_line": 82}, "check_status": {"executed_lines": [95, 96, 97, 98, 99], "summary": {"covered_lines": 5, "num_statements": 5, "percent_covered": 100.0, "percent_covered_display": "100", "missing_lines": 0, "excluded_lines": 0, "percent_statements_covered": 100.0, "percent_statements_covered_display": "100"}, "missing_lines": [], "excluded_lines": [], "start_line": 90}, "get_diagnostic_advice": {"executed_lines": [107, 108, 109, 110, 111], "summary": {"covered_lines": 5, "num_statements": 5, "percent_covered": 100.0, "percent_covered_display": "100", "missing_lines": 0, "excluded_lines": 0, "percent_statements_covered": 100.0, "percent_statements_covered_display": "100"}, "missing_lines": [], "excluded_lines": [], "start_line": 102}, "check_cpu": {"executed_lines": [119, 120, 121, 122, 125, 126, 127, 131, 134, 135, 139, 140, 143, 147, 149, 152, 154, 165, 169], "summary": {"covered_lines": 19, "num_statements": 28, "percent_covered": 67.85714285714286, "percent_covered_display": "68", "missing_lines": 9, "excluded_lines": 0, "percent_statements_covered": 67.85714285714286, "percent_statements_covered_display": "68"}, "missing_lines": [128, 129, 136, 141, 144, 148, 150, 166, 167], "excluded_lines": [], "start_line": 114}, "check_memory": {"executed_lines": [177, 178, 179, 181, 184, 185, 189, 195, 206, 210], "summary": {"covered_lines": 10, "num_statements": 17, "percent_covered": 58.8235294117647, "percent_covered_display": "59", "missing_lines": 7, "excluded_lines": 0, "percent_statements_covered": 58.8235294117647, "percent_statements_covered_display": "59"}, "missing_lines": [186, 190, 191, 192, 193, 207, 208], "excluded_lines": [], "start_line": 172}, "check_disk": {"executed_lines": [218, 219, 220, 221, 223, 224, 225, 226, 227, 229, 237, 238, 239, 241, 243, 244, 246, 247, 248, 249, 255, 262, 263, 264, 266], "summary": {"covered_lines": 25, "num_statements": 29, "percent_covered": 86.20689655172414, "percent_covered_display": "86", "missing_lines": 4, "excluded_lines": 0, "percent_statements_covered": 86.20689655172414, "percent_statements_covered_display": "86"}, "missing_lines": [250, 251, 252, 253], "excluded_lines": [], "start_line": 213}, "check": {"executed_lines": [275, 277, 284, 289, 290, 291, 292, 293, 294, 299], "summary": {"covered_lines": 10, "num_statements": 10, "percent_covered": 100.0, "percent_covered_display": "100", "missing_lines": 0, "excluded_lines": 0, "percent_statements_covered": 100.0, "percent_statements_covered_display": "100"}, "missing_lines": [], "excluded_lines": [], "start_line": 269}, "": {"executed_lines": [7, 8, 9, 10, 13, 22, 82, 90, 102, 114, 172, 213, 269, 302, 309], "summary": {"covered_lines": 15, "num_statements": 21, "percent_covered": 71.42857142857143, "percent_covered_display": "71", "missing_lines": 6, "excluded_lines": 0, "percent_statements_covered": 71.42857142857143, "percent_statements_covered_display": "71"}, "missing_lines": [304, 305, 306, 311, 312, 313], "excluded_lines": [], "start_line": 1}}, "classes": {"": {"executed_lines": [7, 8, 9, 10, 13, 22, 82, 84, 87, 90, 95, 96, 97, 98, 99, 102, 107, 108, 109, 110, 111, 114, 119, 120, 121, 122, 125, 126, 127, 131, 134, 135, 139, 140, 143, 147, 149, 152, 154, 165, 169, 172, 177, 178, 179, 181, 184, 185, 189, 195, 206, 210, 213, 218, 219, 220, 221, 223, 224, 225, 226, 227, 229, 237, 238, 239, 241, 243, 244, 246, 247, 248, 249, 255, 262, 263, 264, 266, 269, 275, 277, 284, 289, 290, 291, 292, 293, 294, 299, 302, 309], "summary": {"covered_lines": 91, "num_statements": 119, "percent_covered": 76.47058823529412, "percent_covered_display": "76", "missing_lines": 28, "excluded_lines": 0, "percent_statements_covered": 76.47058823529412, "percent_statements_covered_display": "76"}, "missing_lines": [85, 86, 128, 129, 136, 141, 144, 148, 150, 166, 167, 186, 190, 191, 192, 193, 207, 208, 250, 251, 252, 253, 304, 305, 306, 311, 312, 313], "excluded_lines": [], "start_line": 1}}}, "src/core/port_scanner.py": {"executed_lines": [4, 5, 8, 13, 14, 15, 16, 17, 18, 19, 20, 23, 33, 35, 36, 41, 42, 43, 44, 48, 51, 53, 74], "summary": {"covered_lines": 23, "num_statements": 28, "percent_covered": 82.14285714285714, "percent_covered_display": "82", "missing_lines": 5, "excluded_lines": 0, "percent_statements_covered": 82.14285714285714, "percent_statements_covered_display": "82"}, "missing_lines": [45, 46, 76, 77, 78], "excluded_lines": [], "functions": {"scan_port": {"executed_lines": [13, 14, 15, 16, 17, 18, 19, 20], "summary": {"covered_lines": 8, "num_statements": 8, "percent_covered": 100.0, "percent_covered_display": "100", "missing_lines": 0, "excluded_lines": 0, "percent_statements_covered": 100.0, "percent_statements_covered_display": "100"}, "missing_lines": [], "excluded_lines": [], "start_line": 8}, "scan_ports": {"executed_lines": [33, 35, 36, 41, 42, 43, 44, 48], "summary": {"covered_lines": 8, "num_statements": 10, "percent_covered": 80.0, "percent_covered_display": "80", "missing_lines": 2, "excluded_lines": 0, "percent_statements_covered": 80.0, "percent_statements_covered_display": "80"}, "missing_lines": [45, 46], "excluded_lines": [], "start_line": 23}, "get_common_ports": {"executed_lines": [53], "summary": {"covered_lines": 1, "num_statements": 1, "percent_covered": 100.0, "percent_covered_display": "100", "missing_lines": 0, "excluded_lines": 0, "percent_statements_covered": 100.0, "percent_statements_covered_display": "100"}, "missing_lines": [], "excluded_lines": [], "start_line": 51}, "": {"executed_lines": [4, 5, 8, 23, 51, 74], "summary": {"covered_lines": 6, "num_statements": 9, "percent_covered": 66.66666666666667, "percent_covered_display": "67", "missing_lines": 3, "excluded_lines": 0, "percent_statements_covered": 66.66666666666667, "percent_statements_covered_display": "67"}, "missing_lines": [76, 77, 78], "excluded_lines": [], "start_line": 1}}, "classes": {"": {"executed_lines": [4, 5, 8, 13, 14, 15, 16, 17, 18, 19, 20, 23, 33, 35, 36, 41, 42, 43, 44, 48, 51, 53, 74], "summary": {"covered_lines": 23, "num_statements": 28, "percent_covered": 82.14285714285714, "percent_covered_display": "82", "missing_lines": 5, "excluded_lines": 0, "percent_statements_covered": 82.14285714285714, "percent_statements_covered_display": "82"}, "missing_lines": [45, 46, 76, 77, 78], "excluded_lines": [], "start_line": 1}}}, "src/core/process_monitor.py": {"executed_lines": [8, 9, 10, 13, 18, 19, 20, 21, 22, 23, 26, 27, 28, 38, 41, 42, 47, 48, 56, 78, 83, 85, 86, 87, 88, 89, 94, 95, 96, 97, 101, 104, 130, 132, 133, 134, 135, 136, 137, 138, 141, 144, 158, 175], "summary": {"covered_lines": 44, "num_statements": 98, "percent_covered": 44.89795918367347, "percent_covered_display": "45", "missing_lines": 54, "excluded_lines": 0, "percent_statements_covered": 44.89795918367347, "percent_statements_covered_display": "45"}, "missing_lines": [34, 35, 43, 44, 74, 75, 90, 91, 98, 99, 109, 110, 111, 113, 114, 115, 116, 117, 118, 119, 120, 122, 139, 140, 146, 147, 148, 149, 150, 151, 152, 153, 154, 155, 160, 161, 162, 163, 165, 166, 167, 168, 169, 170, 171, 172, 177, 178, 179, 180, 182, 183, 184, 185], "excluded_lines": [], "functions": {"get_process_info": {"executed_lines": [18, 19, 20, 21, 22, 23, 26, 27, 28, 38, 41, 42, 47, 48, 56], "summary": {"covered_lines": 15, "num_statements": 21, "percent_covered": 71.42857142857143, "percent_covered_display": "71", "missing_lines": 6, "excluded_lines": 0, "percent_statements_covered": 71.42857142857143, "percent_statements_covered_display": "71"}, "missing_lines": [34, 35, 43, 44, 74, 75], "excluded_lines": [], "start_line": 13}, "get_top_processes": {"executed_lines": [83, 85, 86, 87, 88, 89, 94, 95, 96, 97, 101], "summary": {"covered_lines": 11, "num_statements": 15, "percent_covered": 73.33333333333333, "percent_covered_display": "73", "missing_lines": 4, "excluded_lines": 0, "percent_statements_covered": 73.33333333333333, "percent_statements_covered_display": "73"}, "missing_lines": [90, 91, 98, 99], "excluded_lines": [], "start_line": 78}, "get_process_summary": {"executed_lines": [], "summary": {"covered_lines": 0, "num_statements": 12, "percent_covered": 0.0, "percent_covered_display": "0", "missing_lines": 12, "excluded_lines": 0, "percent_statements_covered": 0.0, "percent_statements_covered_display": "0"}, "missing_lines": [109, 110, 111, 113, 114, 115, 116, 117, 118, 119, 120, 122], "excluded_lines": [], "start_line": 104}, "find_process_by_name": {"executed_lines": [132, 133, 134, 135, 136, 137, 138, 141], "summary": {"covered_lines": 8, "num_statements": 10, "percent_covered": 80.0, "percent_covered_display": "80", "missing_lines": 2, "excluded_lines": 0, "percent_statements_covered": 80.0, "percent_statements_covered_display": "80"}, "missing_lines": [139, 140], "excluded_lines": [], "start_line": 130}, "find_zombie_processes": {"executed_lines": [], "summary": {"covered_lines": 0, "num_statements": 10, "percent_covered": 0.0, "percent_covered_display": "0", "missing_lines": 10, "excluded_lines": 0, "percent_statements_covered": 0.0, "percent_statements_covered_display": "0"}, "missing_lines": [146, 147, 148, 149, 150, 151, 152, 153, 154, 155], "excluded_lines": [], "start_line": 144}, "kill_process": {"executed_lines": [], "summary": {"covered_lines": 0, "num_statements": 12, "percent_covered": 0.0, "percent_covered_display": "0", "missing_lines": 12, "excluded_lines": 0, "percent_statements_covered": 0.0, "percent_statements_covered_display": "0"}, "missing_lines": [160, 161, 162, 163, 165, 166, 167, 168, 169, 170, 171, 172], "excluded_lines": [], "start_line": 158}, "": {"executed_lines": [8, 9, 10, 13, 78, 104, 130, 144, 158, 175], "summary": {"covered_lines": 10, "num_statements": 18, "percent_covered": 55.55555555555556, "percent_covered_display": "56", "missing_lines": 8, "excluded_lines": 0, "percent_statements_covered": 55.55555555555556, "percent_statements_covered_display": "56"}, "missing_lines": [177, 178, 179, 180, 182, 183, 184, 185], "excluded_lines": [], "start_line": 1}}, "classes": {"": {"executed_lines": [8, 9, 10, 13, 18, 19, 20, 21, 22, 23, 26, 27, 28, 38, 41, 42, 47, 48, 56, 78, 83, 85, 86, 87, 88, 89, 94, 95, 96, 97, 101, 104, 130, 132, 133, 134, 135, 136, 137, 138, 141, 144, 158, 175], "summary": {"covered_lines": 44, "num_statements": 98, "percent_covered": 44.89795918367347, "percent_covered_display": "45", "missing_lines": 54, "excluded_lines": 0, "percent_statements_covered": 44.89795918367347, "percent_statements_covered_display": "45"}, "missing_lines": [34, 35, 43, 44, 74, 75, 90, 91, 98, 99, 109, 110, 111, 113, 114, 115, 116, 117, 118, 119, 120, 122, 139, 140, 146, 147, 148, 149, 150, 151, 152, 153, 154, 155, 160, 161, 162, 163, 165, 166, 167, 168, 169, 170, 171, 172, 177, 178, 179, 180, 182, 183, 184, 185], "excluded_lines": [], "start_line": 1}}}, "src/core/report_generator.py": {"executed_lines": [5, 6, 7, 10, 139, 186, 236], "summary": {"covered_lines": 7, "num_statements": 29, "percent_covered": 24.137931034482758, "percent_covered_display": "24", "missing_lines": 22, "excluded_lines": 0, "percent_statements_covered": 24.137931034482758, "percent_statements_covered_display": "24"}, "missing_lines": [191, 193, 194, 196, 197, 198, 199, 201, 212, 214, 215, 216, 217, 219, 230, 233, 238, 240, 245, 246, 248, 249], "excluded_lines": [], "functions": {"generate": {"executed_lines": [], "summary": {"covered_lines": 0, "num_statements": 16, "percent_covered": 0.0, "percent_covered_display": "0", "missing_lines": 16, "excluded_lines": 0, "percent_statements_covered": 0.0, "percent_statements_covered_display": "0"}, "missing_lines": [191, 193, 194, 196, 197, 198, 199, 201, 212, 214, 215, 216, 217, 219, 230, 233], "excluded_lines": [], "start_line": 186}, "": {"executed_lines": [5, 6, 7, 10, 139, 186, 236], "summary": {"covered_lines": 7, "num_statements": 13, "percent_covered": 53.84615384615385, "percent_covered_display": "54", "missing_lines": 6, "excluded_lines": 0, "percent_statements_covered": 53.84615384615385, "percent_statements_covered_display": "54"}, "missing_lines": [238, 240, 245, 246, 248, 249], "excluded_lines": [], "start_line": 1}}, "classes": {"": {"executed_lines": [5, 6, 7, 10, 139, 186, 236], "summary": {"covered_lines": 7, "num_statements": 29, "percent_covered": 24.137931034482758, "percent_covered_display": "24", "missing_lines": 22, "excluded_lines": 0, "percent_statements_covered": 24.137931034482758, "percent_statements_covered_display": "24"}, "missing_lines": [191, 193, 194, 196, 197, 198, 199, 201, 212, 214, 215, 216, 217, 219, 230, 233, 238, 240, 245, 246, 248, 249], "excluded_lines": [], "start_line": 1}}}, "src/core/system.py": {"executed_lines": [5, 6, 7, 8, 9, 10, 11, 14, 19, 29, 32, 34, 35, 45, 53, 54, 55, 56, 57, 59, 62, 63, 66, 67, 71, 72, 73, 80, 85, 86, 87, 96, 99, 101, 137, 142, 151, 153, 174, 175, 177, 179, 180, 181, 182, 185, 186, 187, 188, 189, 190, 191, 195, 198, 203, 204, 207, 209, 227, 229, 230, 231, 241, 246, 247, 249, 250, 251, 252, 266, 267, 280, 286, 333, 338, 339, 341, 342, 343, 344, 351, 353, 367, 368, 369, 370, 380, 382, 385, 419], "summary": {"covered_lines": 90, "num_statements": 145, "percent_covered": 62.06896551724138, "percent_covered_display": "62", "missing_lines": 55, "excluded_lines": 0, "percent_statements_covered": 62.06896551724138, "percent_statements_covered_display": "62"}, "missing_lines": [89, 90, 92, 93, 154, 157, 158, 159, 160, 161, 162, 163, 164, 165, 166, 167, 168, 169, 170, 171, 172, 173, 192, 193, 237, 238, 262, 263, 278, 292, 293, 296, 299, 300, 302, 304, 305, 306, 307, 308, 309, 310, 313, 330, 391, 392, 394, 397, 398, 400, 402, 403, 416, 421, 422], "excluded_lines": [], "functions": {"get_system_info": {"executed_lines": [19, 29], "summary": {"covered_lines": 2, "num_statements": 2, "percent_covered": 100.0, "percent_covered_display": "100", "missing_lines": 0, "excluded_lines": 0, "percent_statements_covered": 100.0, "percent_statements_covered_display": "100"}, "missing_lines": [], "excluded_lines": [], "start_line": 14}, "get_os_info": {"executed_lines": [34, 35], "summary": {"covered_lines": 2, "num_statements": 2, "percent_covered": 100.0, "percent_covered_display": "100", "missing_lines": 0, "excluded_lines": 0, "percent_statements_covered": 100.0, "percent_statements_covered_display": "100"}, "missing_lines": [], "excluded_lines": [], "start_line": 32}, "get_cpu_info": {"executed_lines": [53, 54, 55, 56, 57, 59, 62, 63, 66, 67, 71, 72, 73, 80, 85, 86, 87, 96, 99, 101], "summary": {"covered_lines": 20, "num_statements": 24, "percent_covered": 83.33333333333333, "percent_covered_display": "83", "missing_lines": 4, "excluded_lines": 0, "percent_statements_covered": 83.33333333333333, "percent_statements_covered_display": "83"}, "missing_lines": [89, 90, 92, 93], "excluded_lines": [], "start_line": 45}, "get_scheduler_stats": {"executed_lines": [142, 151, 153, 174, 175, 177, 179, 180, 181, 182, 185, 186, 187, 188, 189, 190, 191, 195], "summary": {"covered_lines": 18, "num_statements": 38, "percent_covered": 47.36842105263158, "percent_covered_display": "47", "missing_lines": 20, "excluded_lines": 0, "percent_statements_covered": 47.36842105263158, "percent_statements_covered_display": "47"}, "missing_lines": [154, 157, 158, 159, 160, 161, 162, 163, 164, 165, 166, 167, 168, 169, 170, 171, 172, 173, 192, 193], "excluded_lines": [], "start_line": 137}, "get_memory_info": {"executed_lines": [203, 204, 207, 209], "summary": {"covered_lines": 4, "num_statements": 4, "percent_covered": 100.0, "percent_covered_display": "100", "missing_lines": 0, "excluded_lines": 0, "percent_statements_covered": 100.0, "percent_statements_covered_display": "100"}, "missing_lines": [], "excluded_lines": [], "start_line": 198}, "get_load_average": {"executed_lines": [229, 230, 231], "summary": {"covered_lines": 3, "num_statements": 5, "percent_covered": 60.0, "percent_covered_display": "60", "missing_lines": 2, "excluded_lines": 0, "percent_statements_covered": 60.0, "percent_statements_covered_display": "60"}, "missing_lines": [237, 238], "excluded_lines": [], "start_line": 227}, "get_disk_info": {"executed_lines": [246, 247, 249, 250, 251, 252, 266, 267, 280], "summary": {"covered_lines": 9, "num_statements": 12, "percent_covered": 75.0, "percent_covered_display": "75", "missing_lines": 3, "excluded_lines": 0, "percent_statements_covered": 75.0, "percent_statements_covered_display": "75"}, "missing_lines": [262, 263, 278], "excluded_lines": [], "start_line": 241}, "get_disk_io_rate": {"executed_lines": [], "summary": {"covered_lines": 0, "num_statements": 15, "percent_covered": 0.0, "percent_covered_display": "0", "missing_lines": 15, "excluded_lines": 0, "percent_statements_covered": 0.0, "percent_statements_covered_display": "0"}, "missing_lines": [292, 293, 296, 299, 300, 302, 304, 305, 306, 307, 308, 309, 310, 313, 330], "excluded_lines": [], "start_line": 286}, "get_network_info": {"executed_lines": [338, 339, 341, 342, 343, 344, 351, 353, 367, 368, 369, 370, 380, 382], "summary": {"covered_lines": 14, "num_statements": 14, "percent_covered": 100.0, "percent_covered_display": "100", "missing_lines": 0, "excluded_lines": 0, "percent_statements_covered": 100.0, "percent_statements_covered_display": "100"}, "missing_lines": [], "excluded_lines": [], "start_line": 333}, "get_network_io_rate": {"executed_lines": [], "summary": {"covered_lines": 0, "num_statements": 9, "percent_covered": 0.0, "percent_covered_display": "0", "missing_lines": 9, "excluded_lines": 0, "percent_statements_covered": 0.0, "percent_statements_covered_display": "0"}, "missing_lines": [391, 392, 394, 397, 398, 400, 402, 403, 416], "excluded_lines": [], "start_line": 385}, "": {"executed_lines": [5, 6, 7, 8, 9, 10, 11, 14, 32, 45, 137, 198, 227, 241, 286, 333, 385, 419], "summary": {"covered_lines": 18, "num_statements": 20, "percent_covered": 90.0, "percent_covered_display": "90", "missing_lines": 2, "excluded_lines": 0, "percent_statements_covered": 90.0, "percent_statements_covered_display": "90"}, "missing_lines": [421, 422], "excluded_lines": [], "start_line": 1}}, "classes": {"": {"executed_lines": [5, 6, 7, 8, 9, 10, 11, 14, 19, 29, 32, 34, 35, 45, 53, 54, 55, 56, 57, 59, 62, 63, 66, 67, 71, 72, 73, 80, 85, 86, 87, 96, 99, 101, 137, 142, 151, 153, 174, 175, 177, 179, 180, 181, 182, 185, 186, 187, 188, 189, 190, 191, 195, 198, 203, 204, 207, 209, 227, 229, 230, 231, 241, 246, 247, 249, 250, 251, 252, 266, 267, 280, 286, 333, 338, 339, 341, 342, 343, 344, 351, 353, 367, 368, 369, 370, 380, 382, 385, 419], "summary": {"covered_lines": 90, "num_statements": 145, "percent_covered": 62.06896551724138, "percent_covered_display": "62", "missing_lines": 55, "excluded_lines": 0, "percent_statements_covered": 62.06896551724138, "percent_statements_covered_display": "62"}, "missing_lines": [89, 90, 92, 93, 154, 157, 158, 159, 160, 161, 162, 163, 164, 165, 166, 167, 168, 169, 170, 171, 172, 173, 192, 193, 237, 238, 262, 263, 278, 292, 293, 296, 299, 300, 302, 304, 305, 306, 307, 308, 309, 310, 313, 330, 391, 392, 394, 397, 398, 400, 402, 403, 416, 421, 422], "excluded_lines": [], "start_line": 1}}}, "src/plugins/__init__.py": {"executed_lines": [], "summary": {"covered_lines": 0, "num_statements": 0, "percent_covered": 100.0, "percent_covered_display": "100", "missing_lines": 0, "excluded_lines": 0, "percent_statements_covered": 100.0, "percent_statements_covered_display": "100"}, "missing_lines": [], "excluded_lines": [], "functions": {"": {"executed_lines": [], "summary": {"covered_lines": 0, "num_statements": 0, "percent_covered": 100.0, "percent_covered_display": "100", "missing_lines": 0, "excluded_lines": 0, "percent_statements_covered": 100.0, "percent_statements_covered_display": "100"}, "missing_lines": [], "excluded_lines": [], "start_line": 1}}, "classes": {"": {"executed_lines": [], "summary": {"covered_lines": 0, "num_statements": 0, "percent_covered": 100.0, "percent_covered_display": "100", "missing_lines": 0, "excluded_lines": 0, "percent_statements_covered": 100.0, "percent_statements_covered_display": "100"}, "missing_lines": [], "excluded_lines": [], "start_line": 1}}}, "src/utils/__init__.py": {"executed_lines": [], "summary": {"covered_lines": 0, "num_statements": 0, "percent_covered": 100.0, "percent_covered_display": "100", "missing_lines": 0, "excluded_lines": 0, "percent_statements_covered": 100.0, "percent_statements_covered_display": "100"}, "missing_lines": [], "excluded_lines": [], "functions": {"": {"executed_lines": [], "summary": {"covered_lines": 0, "num_statements": 0, "percent_covered": 100.0, "percent_covered_display": "100", "missing_lines": 0, "excluded_lines": 0, "percent_statements_covered": 100.0, "percent_statements_covered_display": "100"}, "missing_lines": [], "excluded_lines": [], "start_line": 1}}, "classes": {"": {"executed_lines": [], "summary": {"covered_lines": 0, "num_statements": 0, "percent_covered": 100.0, "percent_covered_display": "100", "missing_lines": 0, "excluded_lines": 0, "percent_statements_covered": 100.0, "percent_statements_covered_display": "100"}, "missing_lines": [], "excluded_lines": [], "start_line": 1}}}}, "totals": {"covered_lines": 258, "num_statements": 422, "percent_covered": 61.13744075829384, "percent_covered_display": "61", "missing_lines": 164, "excluded_lines": 0, "percent_statements_covered": 61.13744075829384, "percent_statements_covered_display": "61"}}